<?xml version="1.0" encoding="UTF-8"?>
<!-- Generated by org.testng.reporters.JUnitReportReporter -->
<testsuite hostname="DESKTOP-AM6U94K" failures="0" tests="3" name="com.Mohs10.TestScripts.MO_Scripts" time="114.773" errors="0" timestamp="2024-06-28T18:22:57 IST" skipped="0">
  <testcase classname="com.Mohs10.TestScripts.MO_Scripts" name="Mamatva_MO" time="40.020"/>
  <testcase classname="com.Mohs10.TestScripts.MO_Scripts" name="Mamatva_MO" time="39.621"/>
  <testcase classname="com.Mohs10.TestScripts.MO_Scripts" name="Mamatva_MO" time="35.132"/>
</testsuite> <!-- com.Mohs10.TestScripts.MO_Scripts -->
