<?xml version="1.0" encoding="UTF-8"?>
<!-- Generated by org.testng.reporters.JUnitReportReporter -->
<testsuite hostname="DESKTOP-AM6U94K" failures="0" tests="1" name="com.Mohs10.TestScripts.MamatvaProd_Scripts" time="28.134" errors="0" timestamp="2024-07-31T15:30:07 IST" skipped="0">
  <testcase classname="com.Mohs10.TestScripts.MamatvaProd_Scripts" name="Mamatva" time="28.134"/>
</testsuite> <!-- com.Mohs10.TestScripts.MamatvaProd_Scripts -->
