<?xml version="1.0" encoding="UTF-8"?>
<!-- Generated by org.testng.reporters.JUnitReportReporter -->
<testsuite hostname="DESKTOP-AM6U94K" failures="0" tests="1" name="com.Mohs10.Reports.New_PDF_Report" time="62.527" errors="0" timestamp="2024-07-31T15:30:07 IST" skipped="0">
  <testcase classname="com.Mohs10.Reports.New_PDF_Report" name="PDFreports" time="62.527"/>
</testsuite> <!-- com.Mohs10.Reports.New_PDF_Report -->
