<?xml version="1.0" encoding="UTF-8"?>
<!-- Generated by org.testng.reporters.JUnitReportReporter -->
<testsuite hostname="DESKTOP-AM6U94K" failures="0" tests="1" name="com.Mohs10.TestScripts.HomePage_Login" time="12.577" errors="0" timestamp="2024-06-25T15:54:50 IST" skipped="0">
  <testcase classname="com.Mohs10.TestScripts.HomePage_Login" name="LoginTestCase" time="12.577"/>
</testsuite> <!-- com.Mohs10.TestScripts.HomePage_Login -->
