<?xml version="1.0" encoding="UTF-8"?>
<!-- Generated by org.testng.reporters.JUnitReportReporter -->
<testsuite hostname="DESKTOP-AM6U94K" failures="0" tests="3" name="com.Mohs10.TestScripts.MO_Obs" time="112.376" errors="0" timestamp="2024-06-28T18:22:57 IST" skipped="0">
  <testcase classname="com.Mohs10.TestScripts.MO_Obs" name="MO_Obspatients" time="37.633"/>
  <testcase classname="com.Mohs10.TestScripts.MO_Obs" name="MO_Obspatients" time="40.262"/>
  <testcase classname="com.Mohs10.TestScripts.MO_Obs" name="MO_Obspatients" time="34.481"/>
</testsuite> <!-- com.Mohs10.TestScripts.MO_Obs -->
