<?xml version="1.0" encoding="UTF-8"?>
<!-- Generated by org.testng.reporters.JUnitReportReporter -->
<testsuite hostname="DESKTOP-AM6U94K" failures="0" tests="1" name="com.Mohs10.TestScripts.Insta_Safe" time="47.746" errors="0" timestamp="2024-07-16T12:37:30 IST" skipped="0">
  <testcase classname="com.Mohs10.TestScripts.Insta_Safe" name="Instasafe_Demo" time="47.746"/>
  <system-out/>
</testsuite> <!-- com.Mohs10.TestScripts.Insta_Safe -->
