<?xml version="1.0" encoding="UTF-8"?>
<!-- Generated by org.testng.reporters.JUnitReportReporter -->
<testsuite hostname="DESKTOP-AM6U94K" failures="0" tests="2" name="com.Mohs10.TestScripts.Superadmin_edit" time="58.552" errors="0" timestamp="2024-06-28T18:22:57 IST" skipped="0">
  <testcase classname="com.Mohs10.TestScripts.Superadmin_edit" name="superadmin_edit" time="28.506"/>
  <testcase classname="com.Mohs10.TestScripts.Superadmin_edit" name="superadmin_edit" time="30.046"/>
</testsuite> <!-- com.Mohs10.TestScripts.Superadmin_edit -->
